<?xml version="1.0" encoding="UTF-8"?>
<coverage generated="1471548752">
  <project timestamp="1471548752">
    <package name="Convenia\Dominio\PayrollExport\Exceptions">
      <file name="/Users/andersonpoli/projetos/convenia/dominio-payroll-export/src/Exceptions/FieldNotExistsException.php">
        <class name="FieldNotExistsException" namespace="Convenia\Dominio\PayrollExport\Exceptions">
          <metrics complexity="0" methods="0" coveredmethods="0" conditionals="0" coveredconditionals="0" statements="0" coveredstatements="0" elements="0" coveredelements="0"/>
        </class>
        <metrics loc="10" ncloc="7" classes="1" methods="0" coveredmethods="0" conditionals="0" coveredconditionals="0" statements="0" coveredstatements="0" elements="0" coveredelements="0"/>
      </file>
      <file name="/Users/andersonpoli/projetos/convenia/dominio-payroll-export/src/Exceptions/RegistryTooLongException.php">
        <class name="RegistryTooLongException" namespace="Convenia\Dominio\PayrollExport\Exceptions">
          <metrics complexity="0" methods="0" coveredmethods="0" conditionals="0" coveredconditionals="0" statements="0" coveredstatements="0" elements="0" coveredelements="0"/>
        </class>
        <metrics loc="7" ncloc="7" classes="1" methods="0" coveredmethods="0" conditionals="0" coveredconditionals="0" statements="0" coveredstatements="0" elements="0" coveredelements="0"/>
      </file>
      <file name="/Users/andersonpoli/projetos/convenia/dominio-payroll-export/src/Exceptions/RegistryTooShortException.php">
        <class name="RegistryTooShortException" namespace="Convenia\Dominio\PayrollExport\Exceptions">
          <metrics complexity="0" methods="0" coveredmethods="0" conditionals="0" coveredconditionals="0" statements="0" coveredstatements="0" elements="0" coveredelements="0"/>
        </class>
        <metrics loc="7" ncloc="7" classes="1" methods="0" coveredmethods="0" conditionals="0" coveredconditionals="0" statements="0" coveredstatements="0" elements="0" coveredelements="0"/>
      </file>
      <file name="/Users/andersonpoli/projetos/convenia/dominio-payroll-export/src/Exceptions/ValidatorException.php">
        <class name="ValidatorException" namespace="Convenia\Dominio\PayrollExport\Exceptions">
          <metrics complexity="0" methods="0" coveredmethods="0" conditionals="0" coveredconditionals="0" statements="0" coveredstatements="0" elements="0" coveredelements="0"/>
        </class>
        <metrics loc="10" ncloc="7" classes="1" methods="0" coveredmethods="0" conditionals="0" coveredconditionals="0" statements="0" coveredstatements="0" elements="0" coveredelements="0"/>
      </file>
      <file name="/Users/andersonpoli/projetos/convenia/dominio-payroll-export/src/Exceptions/ValidatorInvalidRuleException.php">
        <class name="ValidatorInvalidRuleException" namespace="Convenia\Dominio\PayrollExport\Exceptions">
          <metrics complexity="0" methods="0" coveredmethods="0" conditionals="0" coveredconditionals="0" statements="0" coveredstatements="0" elements="0" coveredelements="0"/>
        </class>
        <metrics loc="10" ncloc="7" classes="1" methods="0" coveredmethods="0" conditionals="0" coveredconditionals="0" statements="0" coveredstatements="0" elements="0" coveredelements="0"/>
      </file>
    </package>
    <package name="Convenia\Dominio\PayrollExport\Fields">
      <file name="/Users/andersonpoli/projetos/convenia/dominio-payroll-export/src/Fields/Field.php">
        <class name="Field" namespace="Convenia\Dominio\PayrollExport\Fields">
          <metrics complexity="8" methods="8" coveredmethods="6" conditionals="0" coveredconditionals="0" statements="12" coveredstatements="10" elements="20" coveredelements="16"/>
        </class>
        <line num="33" type="method" name="__construct" visibility="public" complexity="1" crap="1" count="1"/>
        <line num="35" type="stmt" count="1"/>
        <line num="36" type="stmt" count="1"/>
        <line num="45" type="method" name="setValue" visibility="public" complexity="1" crap="1" count="1"/>
        <line num="47" type="stmt" count="1"/>
        <line num="49" type="stmt" count="1"/>
        <line num="57" type="method" name="getValue" visibility="public" complexity="1" crap="1" count="1"/>
        <line num="59" type="stmt" count="1"/>
        <line num="67" type="method" name="setLength" visibility="public" complexity="1" crap="1" count="1"/>
        <line num="69" type="stmt" count="1"/>
        <line num="71" type="stmt" count="1"/>
        <line num="77" type="method" name="getLength" visibility="public" complexity="1" crap="1" count="1"/>
        <line num="79" type="stmt" count="1"/>
        <line num="87" type="method" name="setPosition" visibility="public" complexity="1" crap="1" count="1"/>
        <line num="89" type="stmt" count="1"/>
        <line num="91" type="stmt" count="1"/>
        <line num="97" type="method" name="getPosition" visibility="public" complexity="1" crap="2" count="0"/>
        <line num="99" type="stmt" count="0"/>
        <line num="105" type="method" name="__toString" visibility="public" complexity="1" crap="2" count="0"/>
        <line num="107" type="stmt" count="0"/>
        <metrics loc="109" ncloc="61" classes="1" methods="8" coveredmethods="6" conditionals="0" coveredconditionals="0" statements="12" coveredstatements="10" elements="20" coveredelements="16"/>
      </file>
    </package>
    <package name="Convenia\Dominio\PayrollExport\Fields\Formats">
      <file name="/Users/andersonpoli/projetos/convenia/dominio-payroll-export/src/Fields/Formats/FieldC.php">
        <class name="FieldC" namespace="Convenia\Dominio\PayrollExport\Fields\Formats">
          <metrics complexity="2" methods="1" coveredmethods="1" conditionals="0" coveredconditionals="0" statements="7" coveredstatements="7" elements="8" coveredelements="8"/>
        </class>
        <line num="17" type="method" name="format" visibility="public" complexity="2" crap="2" count="1"/>
        <line num="19" type="stmt" count="1"/>
        <line num="20" type="stmt" count="1"/>
        <line num="21" type="stmt" count="1"/>
        <line num="23" type="stmt" count="1"/>
        <line num="24" type="stmt" count="1"/>
        <line num="25" type="stmt" count="1"/>
        <line num="27" type="stmt" count="1"/>
        <metrics loc="29" ncloc="21" classes="1" methods="1" coveredmethods="1" conditionals="0" coveredconditionals="0" statements="7" coveredstatements="7" elements="8" coveredelements="8"/>
      </file>
      <file name="/Users/andersonpoli/projetos/convenia/dominio-payroll-export/src/Fields/Formats/FieldN.php">
        <class name="FieldN" namespace="Convenia\Dominio\PayrollExport\Fields\Formats">
          <metrics complexity="2" methods="1" coveredmethods="0" conditionals="0" coveredconditionals="0" statements="14" coveredstatements="0" elements="15" coveredelements="0"/>
        </class>
        <line num="17" type="method" name="format" visibility="public" complexity="2" crap="6" count="0"/>
        <line num="18" type="stmt" count="0"/>
        <line num="19" type="stmt" count="0"/>
        <line num="20" type="stmt" count="0"/>
        <line num="22" type="stmt" count="0"/>
        <line num="23" type="stmt" count="0"/>
        <line num="24" type="stmt" count="0"/>
        <line num="25" type="stmt" count="0"/>
        <line num="26" type="stmt" count="0"/>
        <line num="28" type="stmt" count="0"/>
        <line num="30" type="stmt" count="0"/>
        <line num="31" type="stmt" count="0"/>
        <line num="32" type="stmt" count="0"/>
        <line num="34" type="stmt" count="0"/>
        <line num="35" type="stmt" count="0"/>
        <metrics loc="36" ncloc="28" classes="1" methods="1" coveredmethods="0" conditionals="0" coveredconditionals="0" statements="14" coveredstatements="0" elements="15" coveredelements="0"/>
      </file>
    </package>
    <package name="Convenia\Dominio\PayrollExport\Fields\Validations">
      <file name="/Users/andersonpoli/projetos/convenia/dominio-payroll-export/src/Fields/Validations/Validation.php">
        <class name="Validation" namespace="Convenia\Dominio\PayrollExport\Fields\Validations">
          <metrics complexity="17" methods="7" coveredmethods="2" conditionals="0" coveredconditionals="0" statements="41" coveredstatements="24" elements="48" coveredelements="26"/>
        </class>
        <line num="34" type="method" name="make" visibility="public" complexity="3" crap="3" count="1"/>
        <line num="36" type="stmt" count="1"/>
        <line num="37" type="stmt" count="1"/>
        <line num="38" type="stmt" count="1"/>
        <line num="41" type="stmt" count="1"/>
        <line num="42" type="stmt" count="1"/>
        <line num="43" type="stmt" count="1"/>
        <line num="51" type="method" name="validate" visibility="public" complexity="5" crap="6.60" count="1"/>
        <line num="53" type="stmt" count="1"/>
        <line num="54" type="stmt" count="0"/>
        <line num="57" type="stmt" count="1"/>
        <line num="58" type="stmt" count="1"/>
        <line num="59" type="stmt" count="1"/>
        <line num="60" type="stmt" count="0"/>
        <line num="62" type="stmt" count="0"/>
        <line num="63" type="stmt" count="0"/>
        <line num="65" type="stmt" count="0"/>
        <line num="67" type="stmt" count="0"/>
        <line num="69" type="stmt" count="0"/>
        <line num="70" type="stmt" count="0"/>
        <line num="73" type="stmt" count="1"/>
        <line num="74" type="stmt" count="1"/>
        <line num="75" type="stmt" count="1"/>
        <line num="77" type="stmt" count="1"/>
        <line num="78" type="stmt" count="1"/>
        <line num="79" type="stmt" count="1"/>
        <line num="80" type="stmt" count="1"/>
        <line num="81" type="stmt" count="1"/>
        <line num="91" type="method" name="validateRequired" visibility="protected" complexity="1" crap="1" count="1"/>
        <line num="93" type="stmt" count="1"/>
        <line num="105" type="method" name="validateDate" visibility="protected" complexity="2" crap="6" count="0"/>
        <line num="107" type="stmt" count="0"/>
        <line num="108" type="stmt" count="0"/>
        <line num="110" type="stmt" count="0"/>
        <line num="112" type="stmt" count="0"/>
        <line num="124" type="method" name="methodExists" visibility="protected" complexity="2" crap="2.15" count="1"/>
        <line num="126" type="stmt" count="1"/>
        <line num="127" type="stmt" count="0"/>
        <line num="129" type="stmt" count="1"/>
        <line num="139" type="method" name="shouldStop" visibility="protected" complexity="3" crap="4.12" count="1"/>
        <line num="141" type="stmt" count="1"/>
        <line num="142" type="stmt" count="0"/>
        <line num="143" type="stmt" count="0"/>
        <line num="145" type="stmt" count="1"/>
        <line num="146" type="stmt" count="0"/>
        <line num="148" type="stmt" count="1"/>
        <line num="153" type="method" name="isValid" visibility="public" complexity="1" crap="2" count="0"/>
        <line num="155" type="stmt" count="0"/>
        <metrics loc="157" ncloc="96" classes="1" methods="7" coveredmethods="2" conditionals="0" coveredconditionals="0" statements="41" coveredstatements="24" elements="48" coveredelements="26"/>
      </file>
    </package>
    <file name="/Users/andersonpoli/projetos/convenia/dominio-payroll-export/src/Interfaces/FieldInterface.php">
      <metrics loc="23" ncloc="10" classes="0" methods="0" coveredmethods="0" conditionals="0" coveredconditionals="0" statements="0" coveredstatements="0" elements="0" coveredelements="0"/>
    </file>
    <package name="Convenia\Dominio\PayrollExport">
      <file name="/Users/andersonpoli/projetos/convenia/dominio-payroll-export/src/PayrollExport.php">
        <class name="PayrollExport" namespace="Convenia\Dominio\PayrollExport">
          <metrics complexity="4" methods="2" coveredmethods="2" conditionals="0" coveredconditionals="0" statements="9" coveredstatements="9" elements="11" coveredelements="11"/>
        </class>
        <line num="22" type="method" name="employees" visibility="public" complexity="2" crap="2" count="1"/>
        <line num="24" type="stmt" count="1"/>
        <line num="25" type="stmt" count="1"/>
        <line num="26" type="stmt" count="1"/>
        <line num="28" type="stmt" count="1"/>
        <line num="34" type="method" name="generate" visibility="public" complexity="2" crap="2" count="1"/>
        <line num="36" type="stmt" count="1"/>
        <line num="38" type="stmt" count="1"/>
        <line num="39" type="stmt" count="1"/>
        <line num="40" type="stmt" count="1"/>
        <line num="42" type="stmt" count="1"/>
        <metrics loc="44" ncloc="30" classes="1" methods="2" coveredmethods="2" conditionals="0" coveredconditionals="0" statements="9" coveredstatements="9" elements="11" coveredelements="11"/>
      </file>
    </package>
    <package name="Convenia\Dominio\PayrollExport\Registries">
      <file name="/Users/andersonpoli/projetos/convenia/dominio-payroll-export/src/Registries/PayrollRegistry.php">
        <class name="PayrollRegistry" namespace="Convenia\Dominio\PayrollExport\Registries">
          <metrics complexity="0" methods="0" coveredmethods="0" conditionals="0" coveredconditionals="0" statements="0" coveredstatements="0" elements="0" coveredelements="0"/>
        </class>
        <metrics loc="56" ncloc="41" classes="1" methods="0" coveredmethods="0" conditionals="0" coveredconditionals="0" statements="0" coveredstatements="0" elements="0" coveredelements="0"/>
      </file>
      <file name="/Users/andersonpoli/projetos/convenia/dominio-payroll-export/src/Registries/Registry.php">
        <class name="Registry" namespace="Convenia\Dominio\PayrollExport\Registries">
          <metrics complexity="14" methods="6" coveredmethods="3" conditionals="0" coveredconditionals="0" statements="36" coveredstatements="31" elements="42" coveredelements="34"/>
        </class>
        <line num="60" type="method" name="__construct" visibility="public" complexity="4" crap="4.05" count="1"/>
        <line num="62" type="stmt" count="1"/>
        <line num="63" type="stmt" count="1"/>
        <line num="65" type="stmt" count="1"/>
        <line num="67" type="stmt" count="1"/>
        <line num="68" type="stmt" count="1"/>
        <line num="69" type="stmt" count="0"/>
        <line num="72" type="stmt" count="1"/>
        <line num="73" type="stmt" count="1"/>
        <line num="76" type="stmt" count="1"/>
        <line num="77" type="stmt" count="1"/>
        <line num="78" type="stmt" count="0"/>
        <line num="81" type="stmt" count="1"/>
        <line num="82" type="stmt" count="1"/>
        <line num="83" type="stmt" count="1"/>
        <line num="88" type="method" name="fill" visibility="protected" complexity="3" crap="3" count="1"/>
        <line num="90" type="stmt" count="1"/>
        <line num="91" type="stmt" count="1"/>
        <line num="92" type="stmt" count="1"/>
        <line num="93" type="stmt" count="1"/>
        <line num="95" type="stmt" count="1"/>
        <line num="96" type="stmt" count="1"/>
        <line num="97" type="stmt" count="1"/>
        <line num="98" type="stmt" count="1"/>
        <line num="99" type="stmt" count="1"/>
        <line num="106" type="method" name="generate" visibility="protected" complexity="2" crap="2" count="1"/>
        <line num="108" type="stmt" count="1"/>
        <line num="113" type="stmt" count="1"/>
        <line num="114" type="stmt" count="1"/>
        <line num="115" type="stmt" count="1"/>
        <line num="117" type="stmt" count="1"/>
        <line num="128" type="method" name="validateLength" visibility="public" complexity="3" crap="3.33" count="1"/>
        <line num="130" type="stmt" count="1"/>
        <line num="132" type="stmt" count="1"/>
        <line num="133" type="stmt" count="0"/>
        <line num="136" type="stmt" count="1"/>
        <line num="137" type="stmt" count="0"/>
        <line num="140" type="stmt" count="1"/>
        <line num="148" type="method" name="getField" visibility="public" complexity="1" crap="2" count="0"/>
        <line num="150" type="stmt" count="0"/>
        <line num="156" type="method" name="__toString" visibility="public" complexity="1" crap="1" count="1"/>
        <line num="158" type="stmt" count="1"/>
        <metrics loc="160" ncloc="99" classes="1" methods="6" coveredmethods="3" conditionals="0" coveredconditionals="0" statements="36" coveredstatements="31" elements="42" coveredelements="34"/>
      </file>
    </package>
    <metrics files="13" loc="658" ncloc="421" classes="12" methods="25" coveredmethods="14" conditionals="0" coveredconditionals="0" statements="119" coveredstatements="81" elements="144" coveredelements="95"/>
  </project>
</coverage>
